<?xml version="1.0" encoding="UTF-8"?>
<!-- Generated by org.testng.reporters.JUnitReportReporter -->
<testsuite hostname="DESKTOP-7GFC154" failures="0" tests="1" name="testscript.SubCategoryTestCase" time="5.852" errors="0" timestamp="2024-08-22T20:20:15 IST" skipped="0">
  <testcase classname="testscript.SubCategoryTestCase" name="verifyEditInListSubCategory" time="5.852"/>
</testsuite> <!-- testscript.SubCategoryTestCase -->
