<?xml version="1.0" encoding="UTF-8"?>
<!-- Generated by org.testng.reporters.JUnitReportReporter -->
<testsuite hostname="DESKTOP-7GFC154" failures="0" tests="1" name="testscript.AdminTestCase" time="6.115" errors="0" timestamp="2024-09-02T07:47:09 IST" skipped="0">
  <testcase classname="testscript.AdminTestCase" name="listOfAdminUsers" time="6.115"/>
</testsuite> <!-- testscript.AdminTestCase -->
