<?xml version="1.0" encoding="UTF-8"?>
<!-- Generated by org.testng.reporters.JUnitReportReporter -->
<testsuite hostname="DESKTOP-7GFC154" failures="0" tests="1" name="testscript.ManageCategoryTestCae" time="3.554" errors="0" timestamp="2024-08-22T19:34:52 IST" skipped="0">
  <testcase classname="testscript.ManageCategoryTestCae" name="verifyCategoryField" time="3.554"/>
</testsuite> <!-- testscript.ManageCategoryTestCae -->
