<?xml version="1.0" encoding="UTF-8"?>
<!-- Generated by org.testng.reporters.JUnitReportReporter -->
<testsuite hostname="DESKTOP-7GFC154" failures="0" tests="1" name="testscript.ManageContactTestCase" time="4.564" errors="0" timestamp="2024-08-22T19:58:54 IST" skipped="0">
  <testcase classname="testscript.ManageContactTestCase" name="verifyContactField" time="4.564"/>
</testsuite> <!-- testscript.ManageContactTestCase -->
