<?xml version="1.0" encoding="UTF-8"?>
<!-- Generated by org.testng.reporters.JUnitReportReporter -->
<testsuite hostname="DESKTOP-7GFC154" failures="0" tests="1" name="testscript.CategoryTestCase" time="5.188" errors="0" timestamp="2024-08-22T19:40:13 IST" skipped="0">
  <testcase classname="testscript.CategoryTestCase" name="verifyClickingCategoryField" time="5.188"/>
</testsuite> <!-- testscript.CategoryTestCase -->
