<?xml version="1.0" encoding="UTF-8"?>
<!-- Generated by org.testng.reporters.JUnitReportReporter -->
<testsuite hostname="DESKTOP-7GFC154" failures="0" tests="1" name="testscript.ManageFootertextTestCase" time="5.470" errors="0" timestamp="2024-08-22T20:04:25 IST" skipped="0">
  <testcase classname="testscript.ManageFootertextTestCase" name="verifyFooterTextField" time="5.470"/>
</testsuite> <!-- testscript.ManageFootertextTestCase -->
