<?xml version="1.0" encoding="UTF-8"?>
<!-- Generated by org.testng.reporters.JUnitReportReporter -->
<testsuite hostname="DESKTOP-7GFC154" failures="0" tests="1" name="testscript.ManageNewsTestCase" time="4.820" errors="0" timestamp="2024-08-22T20:06:39 IST" skipped="0">
  <testcase classname="testscript.ManageNewsTestCase" name="manageNewsInfo" time="4.820"/>
</testsuite> <!-- testscript.ManageNewsTestCase -->
